2021-08-12 21:39:23,928 [Worker-4: Loading available Gradle versions] INFO  o.e.b.c.i.u.g.PublishedGradleVersions - Gradle version information cache is out-of-date. Trying to update.
2021-08-12 21:40:02,594 [Worker-1: Creating maven-archetype-quickstart] INFO  o.e.m.c.i.p.ProjectConfigurationManager - Collecting project info '/pom.xml' C:\Gaurav\Workspace_UI_Automation\UI_Automation\pom.xml
2021-08-12 21:40:03,627 [Worker-1: Creating maven-archetype-quickstart] INFO  o.e.m.c.i.l.LifecycleMappingFactory - Using org.eclipse.m2e.jdt.JarLifecycleMapping lifecycle mapping for MavenProject: vGUI:UI_Automation:0.0.1-SNAPSHOT @ C:\Gaurav\Workspace_UI_Automation\UI_Automation\pom.xml.
2021-08-12 21:40:03,896 [Worker-1: Creating maven-archetype-quickstart] INFO  o.e.m.j.i.AbstractJavaProjectConfigurator - Adding source folder /UI_Automation/src/main/java
2021-08-12 21:40:03,903 [Worker-1: Creating maven-archetype-quickstart] INFO  o.e.m.j.i.AbstractJavaProjectConfigurator - Adding source folder /UI_Automation/src/test/java
2021-08-12 21:40:05,135 [Worker-1: Creating maven-archetype-quickstart] INFO  o.e.m.c.i.p.ProjectConfigurationManager - Imported and configured 1 project(s) in 2 sec
2021-08-12 21:40:06,228 [Worker-9: Building] INFO  o.e.m.c.i.embedder.EclipseLogger - Using 'UTF-8' encoding to copy filtered resources.
2021-08-12 21:40:06,228 [Worker-9: Building] INFO  o.e.m.c.i.embedder.EclipseLogger - skip non existing resourceDirectory C:\Gaurav\Workspace_UI_Automation\UI_Automation\src\main\resources
2021-08-12 21:40:06,231 [Worker-9: Building] INFO  o.e.m.c.i.embedder.EclipseLogger - Using 'UTF-8' encoding to copy filtered resources.
2021-08-12 21:40:06,231 [Worker-9: Building] INFO  o.e.m.c.i.embedder.EclipseLogger - skip non existing resourceDirectory C:\Gaurav\Workspace_UI_Automation\UI_Automation\src\test\resources
2021-08-12 21:40:26,753 [Worker-8: Building] INFO  o.e.m.c.i.embedder.EclipseLogger - Using 'UTF-8' encoding to copy filtered resources.
2021-08-12 21:40:26,753 [Worker-8: Building] INFO  o.e.m.c.i.embedder.EclipseLogger - skip non existing resourceDirectory C:\Gaurav\Workspace_UI_Automation\UI_Automation\src\main\resources
2021-08-12 21:40:26,757 [Worker-8: Building] INFO  o.e.m.c.i.embedder.EclipseLogger - Using 'UTF-8' encoding to copy filtered resources.
2021-08-12 21:40:26,757 [Worker-8: Building] INFO  o.e.m.c.i.embedder.EclipseLogger - skip non existing resourceDirectory C:\Gaurav\Workspace_UI_Automation\UI_Automation\src\test\resources
2021-08-12 21:40:39,561 [Worker-4: Building] INFO  o.e.m.c.i.embedder.EclipseLogger - Using 'UTF-8' encoding to copy filtered resources.
2021-08-12 21:40:39,562 [Worker-4: Building] INFO  o.e.m.c.i.embedder.EclipseLogger - skip non existing resourceDirectory C:\Gaurav\Workspace_UI_Automation\UI_Automation\src\main\resources
2021-08-12 21:40:39,566 [Worker-4: Building] INFO  o.e.m.c.i.embedder.EclipseLogger - Using 'UTF-8' encoding to copy filtered resources.
2021-08-12 21:40:39,567 [Worker-4: Building] INFO  o.e.m.c.i.embedder.EclipseLogger - skip non existing resourceDirectory C:\Gaurav\Workspace_UI_Automation\UI_Automation\src\test\resources
2021-08-12 21:40:40,580 [Worker-5: Building] INFO  o.e.m.c.i.embedder.EclipseLogger - Using 'UTF-8' encoding to copy filtered resources.
2021-08-12 21:40:40,581 [Worker-5: Building] INFO  o.e.m.c.i.embedder.EclipseLogger - skip non existing resourceDirectory C:\Gaurav\Workspace_UI_Automation\UI_Automation\src\main\resources
2021-08-12 21:40:40,583 [Worker-5: Building] INFO  o.e.m.c.i.embedder.EclipseLogger - Using 'UTF-8' encoding to copy filtered resources.
2021-08-12 21:40:40,583 [Worker-5: Building] INFO  o.e.m.c.i.embedder.EclipseLogger - skip non existing resourceDirectory C:\Gaurav\Workspace_UI_Automation\UI_Automation\src\test\resources
2021-08-12 21:42:07,047 [Worker-12: Building] INFO  o.e.m.c.i.l.LifecycleMappingFactory - Using org.eclipse.m2e.jdt.JarLifecycleMapping lifecycle mapping for MavenProject: vGUI:UI_Automation:0.0.1-SNAPSHOT @ C:\Gaurav\Workspace_UI_Automation\UI_Automation\pom.xml.
2021-08-12 21:42:07,326 [Worker-12: Building] INFO  o.e.m.c.i.embedder.EclipseLogger - Using 'UTF-8' encoding to copy filtered resources.
2021-08-12 21:42:07,327 [Worker-12: Building] INFO  o.e.m.c.i.embedder.EclipseLogger - skip non existing resourceDirectory C:\Gaurav\Workspace_UI_Automation\UI_Automation\src\main\resources
2021-08-12 21:42:07,329 [Worker-12: Building] INFO  o.e.m.c.i.embedder.EclipseLogger - Using 'UTF-8' encoding to copy filtered resources.
2021-08-12 21:42:07,329 [Worker-12: Building] INFO  o.e.m.c.i.embedder.EclipseLogger - skip non existing resourceDirectory C:\Gaurav\Workspace_UI_Automation\UI_Automation\src\test\resources
2021-08-12 21:42:08,644 [Worker-16: Building] INFO  o.e.m.c.i.embedder.EclipseLogger - Using 'UTF-8' encoding to copy filtered resources.
2021-08-12 21:42:08,645 [Worker-16: Building] INFO  o.e.m.c.i.embedder.EclipseLogger - skip non existing resourceDirectory C:\Gaurav\Workspace_UI_Automation\UI_Automation\src\main\resources
2021-08-12 21:42:08,647 [Worker-16: Building] INFO  o.e.m.c.i.embedder.EclipseLogger - Using 'UTF-8' encoding to copy filtered resources.
2021-08-12 21:42:08,647 [Worker-16: Building] INFO  o.e.m.c.i.embedder.EclipseLogger - skip non existing resourceDirectory C:\Gaurav\Workspace_UI_Automation\UI_Automation\src\test\resources
2021-08-12 21:42:45,136 [Worker-18: Building] INFO  o.e.m.c.i.l.LifecycleMappingFactory - Using org.eclipse.m2e.jdt.JarLifecycleMapping lifecycle mapping for MavenProject: vGUI:UI_Automation:0.0.1-SNAPSHOT @ C:\Gaurav\Workspace_UI_Automation\UI_Automation\pom.xml.
2021-08-12 21:42:46,277 [Worker-18: Building] INFO  o.e.m.c.i.e.AbstractTransferListenerAdapter - Downloading https://repo.maven.apache.org/maven2/org/testng/testng/7.3.0/testng-7.3.0.pom
2021-08-12 21:42:46,665 [Worker-18: Building] INFO  o.e.m.c.i.e.AbstractTransferListenerAdapter - Downloaded https://repo.maven.apache.org/maven2/org/testng/testng/7.3.0/testng-7.3.0.pom
2021-08-12 21:42:46,856 [Worker-18: Building] INFO  o.e.m.c.i.e.AbstractTransferListenerAdapter - Downloading https://repo.maven.apache.org/maven2/org/apache/ant/ant-parent/1.10.3/ant-parent-1.10.3.pom
2021-08-12 21:42:47,261 [Worker-18: Building] INFO  o.e.m.c.i.e.AbstractTransferListenerAdapter - Downloaded https://repo.maven.apache.org/maven2/org/apache/ant/ant-parent/1.10.3/ant-parent-1.10.3.pom
2021-08-12 21:42:47,474 [Worker-18: Building] INFO  o.e.m.c.i.e.AbstractTransferListenerAdapter - Downloading https://repo.maven.apache.org/maven2/com/google/inject/guice/4.2.2/guice-4.2.2.pom
2021-08-12 21:42:47,703 [Worker-18: Building] INFO  o.e.m.c.i.e.AbstractTransferListenerAdapter - Downloaded https://repo.maven.apache.org/maven2/com/google/inject/guice/4.2.2/guice-4.2.2.pom
2021-08-12 21:42:48,010 [Worker-18: Building] INFO  o.e.m.c.i.e.AbstractTransferListenerAdapter - Downloading https://repo.maven.apache.org/maven2/com/google/inject/guice-parent/4.2.2/guice-parent-4.2.2.pom
2021-08-12 21:42:48,204 [Worker-18: Building] INFO  o.e.m.c.i.e.AbstractTransferListenerAdapter - Downloaded https://repo.maven.apache.org/maven2/com/google/inject/guice-parent/4.2.2/guice-parent-4.2.2.pom
2021-08-12 21:42:48,392 [Worker-18: Building] INFO  o.e.m.c.i.e.AbstractTransferListenerAdapter - Downloading https://repo.maven.apache.org/maven2/com/google/google/5/google-5.pom
2021-08-12 21:42:48,627 [Worker-18: Building] INFO  o.e.m.c.i.e.AbstractTransferListenerAdapter - Downloaded https://repo.maven.apache.org/maven2/com/google/google/5/google-5.pom
2021-08-12 21:42:48,830 [Worker-18: Building] INFO  o.e.m.c.i.e.AbstractTransferListenerAdapter - Downloading https://repo.maven.apache.org/maven2/javax/inject/javax.inject/1/javax.inject-1.pom
2021-08-12 21:42:49,081 [Worker-18: Building] INFO  o.e.m.c.i.e.AbstractTransferListenerAdapter - Downloaded https://repo.maven.apache.org/maven2/javax/inject/javax.inject/1/javax.inject-1.pom
2021-08-12 21:42:49,331 [Worker-18: Building] INFO  o.e.m.c.i.e.AbstractTransferListenerAdapter - Downloading https://repo.maven.apache.org/maven2/aopalliance/aopalliance/1.0/aopalliance-1.0.pom
2021-08-12 21:42:49,513 [Worker-18: Building] INFO  o.e.m.c.i.e.AbstractTransferListenerAdapter - Downloaded https://repo.maven.apache.org/maven2/aopalliance/aopalliance/1.0/aopalliance-1.0.pom
2021-08-12 21:42:49,701 [Worker-18: Building] INFO  o.e.m.c.i.e.AbstractTransferListenerAdapter - Downloading https://repo.maven.apache.org/maven2/com/google/guava/guava/25.1-android/guava-25.1-android.pom
2021-08-12 21:42:49,919 [Worker-18: Building] INFO  o.e.m.c.i.e.AbstractTransferListenerAdapter - Downloaded https://repo.maven.apache.org/maven2/com/google/guava/guava/25.1-android/guava-25.1-android.pom
2021-08-12 21:42:50,120 [Worker-18: Building] INFO  o.e.m.c.i.e.AbstractTransferListenerAdapter - Downloading https://repo.maven.apache.org/maven2/com/google/guava/guava-parent/25.1-android/guava-parent-25.1-android.pom
2021-08-12 21:42:50,366 [Worker-18: Building] INFO  o.e.m.c.i.e.AbstractTransferListenerAdapter - Downloaded https://repo.maven.apache.org/maven2/com/google/guava/guava-parent/25.1-android/guava-parent-25.1-android.pom
2021-08-12 21:42:50,614 [Worker-18: Building] INFO  o.e.m.c.i.e.AbstractTransferListenerAdapter - Downloading https://repo.maven.apache.org/maven2/org/yaml/snakeyaml/1.21/snakeyaml-1.21.pom
2021-08-12 21:42:50,864 [Worker-18: Building] INFO  o.e.m.c.i.e.AbstractTransferListenerAdapter - Downloaded https://repo.maven.apache.org/maven2/org/yaml/snakeyaml/1.21/snakeyaml-1.21.pom
2021-08-12 21:42:51,095 [AetherRepositoryConnector-repo.maven.apache.org-0-1] INFO  o.e.m.c.i.e.AbstractTransferListenerAdapter - Downloading https://repo.maven.apache.org/maven2/org/apache/ant/ant/1.10.3/ant-1.10.3.jar
2021-08-12 21:42:51,300 [AetherRepositoryConnector-repo.maven.apache.org-0-0] INFO  o.e.m.c.i.e.AbstractTransferListenerAdapter - Downloading https://repo.maven.apache.org/maven2/org/testng/testng/7.3.0/testng-7.3.0.jar
2021-08-12 21:42:51,300 [AetherRepositoryConnector-repo.maven.apache.org-0-3] INFO  o.e.m.c.i.e.AbstractTransferListenerAdapter - Downloading https://repo.maven.apache.org/maven2/com/google/inject/guice/4.2.2/guice-4.2.2-no_aop.jar
2021-08-12 21:42:51,300 [AetherRepositoryConnector-repo.maven.apache.org-0-2] INFO  o.e.m.c.i.e.AbstractTransferListenerAdapter - Downloading https://repo.maven.apache.org/maven2/org/apache/ant/ant-launcher/1.10.3/ant-launcher-1.10.3.jar
2021-08-12 21:42:51,300 [AetherRepositoryConnector-repo.maven.apache.org-0-4] INFO  o.e.m.c.i.e.AbstractTransferListenerAdapter - Downloading https://repo.maven.apache.org/maven2/javax/inject/javax.inject/1/javax.inject-1.jar
2021-08-12 21:42:51,960 [AetherRepositoryConnector-repo.maven.apache.org-0-4] INFO  o.e.m.c.i.e.AbstractTransferListenerAdapter - Downloaded https://repo.maven.apache.org/maven2/javax/inject/javax.inject/1/javax.inject-1.jar
2021-08-12 21:42:52,352 [AetherRepositoryConnector-repo.maven.apache.org-0-2] INFO  o.e.m.c.i.e.AbstractTransferListenerAdapter - Downloaded https://repo.maven.apache.org/maven2/org/apache/ant/ant-launcher/1.10.3/ant-launcher-1.10.3.jar
2021-08-12 21:42:52,608 [AetherRepositoryConnector-repo.maven.apache.org-0-4] INFO  o.e.m.c.i.e.AbstractTransferListenerAdapter - Downloading https://repo.maven.apache.org/maven2/aopalliance/aopalliance/1.0/aopalliance-1.0.jar
2021-08-12 21:42:52,632 [AetherRepositoryConnector-repo.maven.apache.org-0-2] INFO  o.e.m.c.i.e.AbstractTransferListenerAdapter - Downloading https://repo.maven.apache.org/maven2/org/yaml/snakeyaml/1.21/snakeyaml-1.21.jar
2021-08-12 21:42:52,973 [AetherRepositoryConnector-repo.maven.apache.org-0-4] INFO  o.e.m.c.i.e.AbstractTransferListenerAdapter - Downloaded https://repo.maven.apache.org/maven2/aopalliance/aopalliance/1.0/aopalliance-1.0.jar
2021-08-12 21:42:56,800 [AetherRepositoryConnector-repo.maven.apache.org-0-2] INFO  o.e.m.c.i.e.AbstractTransferListenerAdapter - Downloaded https://repo.maven.apache.org/maven2/org/yaml/snakeyaml/1.21/snakeyaml-1.21.jar
2021-08-12 21:42:57,315 [AetherRepositoryConnector-repo.maven.apache.org-0-3] INFO  o.e.m.c.i.e.AbstractTransferListenerAdapter - Downloaded https://repo.maven.apache.org/maven2/com/google/inject/guice/4.2.2/guice-4.2.2-no_aop.jar
2021-08-12 21:42:59,026 [AetherRepositoryConnector-repo.maven.apache.org-0-0] INFO  o.e.m.c.i.e.AbstractTransferListenerAdapter - Downloaded https://repo.maven.apache.org/maven2/org/testng/testng/7.3.0/testng-7.3.0.jar
2021-08-12 21:43:01,037 [AetherRepositoryConnector-repo.maven.apache.org-0-1] INFO  o.e.m.c.i.e.AbstractTransferListenerAdapter - Downloaded https://repo.maven.apache.org/maven2/org/apache/ant/ant/1.10.3/ant-1.10.3.jar
2021-08-12 21:43:01,251 [Worker-18: Building] INFO  o.e.m.c.i.embedder.EclipseLogger - Using 'UTF-8' encoding to copy filtered resources.
2021-08-12 21:43:01,251 [Worker-18: Building] INFO  o.e.m.c.i.embedder.EclipseLogger - skip non existing resourceDirectory C:\Gaurav\Workspace_UI_Automation\UI_Automation\src\main\resources
2021-08-12 21:43:01,253 [Worker-18: Building] INFO  o.e.m.c.i.embedder.EclipseLogger - Using 'UTF-8' encoding to copy filtered resources.
2021-08-12 21:43:01,253 [Worker-18: Building] INFO  o.e.m.c.i.embedder.EclipseLogger - skip non existing resourceDirectory C:\Gaurav\Workspace_UI_Automation\UI_Automation\src\test\resources
2021-08-12 21:43:01,358 [Worker-17: Updating Maven Project] INFO  o.e.m.c.i.p.ProjectConfigurationManager - Update started
2021-08-12 21:43:01,643 [Worker-17: Updating Maven Project] INFO  o.e.m.c.i.l.LifecycleMappingFactory - Using org.eclipse.m2e.jdt.JarLifecycleMapping lifecycle mapping for MavenProject: vGUI:UI_Automation:0.0.1-SNAPSHOT @ C:\Gaurav\Workspace_UI_Automation\UI_Automation\pom.xml.
2021-08-12 21:43:01,964 [Worker-17: Updating Maven Project] INFO  o.e.m.j.i.AbstractJavaProjectConfigurator - Adding source folder /UI_Automation/src/main/java
2021-08-12 21:43:01,965 [Worker-17: Updating Maven Project] INFO  o.e.m.j.i.AbstractJavaProjectConfigurator - Adding source folder /UI_Automation/src/test/java
2021-08-12 21:43:02,194 [Worker-17: Updating Maven Project] INFO  o.e.m.c.i.p.ProjectConfigurationManager - Update completed: 0 sec
2021-08-12 21:43:03,002 [Worker-5: Download sources and javadoc] INFO  o.e.m.c.i.e.AbstractTransferListenerAdapter - Downloading https://repo.maven.apache.org/maven2/org/testng/testng/7.3.0/testng-7.3.0-sources.jar
2021-08-12 21:43:03,981 [Worker-5: Download sources and javadoc] INFO  o.e.m.c.i.e.AbstractTransferListenerAdapter - Downloaded https://repo.maven.apache.org/maven2/org/testng/testng/7.3.0/testng-7.3.0-sources.jar
2021-08-12 21:43:03,986 [Worker-5: Download sources and javadoc] INFO  o.e.m.j.internal.DownloadSourcesJob - Downloaded sources for org.testng:testng:7.3.0
2021-08-12 21:43:04,692 [Worker-5: Download sources and javadoc] INFO  o.e.m.c.i.e.AbstractTransferListenerAdapter - Downloading https://repo.maven.apache.org/maven2/org/apache/ant/ant/1.10.3/ant-1.10.3-sources.jar
2021-08-12 21:43:07,047 [Worker-5: Download sources and javadoc] INFO  o.e.m.c.i.e.AbstractTransferListenerAdapter - Downloaded https://repo.maven.apache.org/maven2/org/apache/ant/ant/1.10.3/ant-1.10.3-sources.jar
2021-08-12 21:43:07,050 [Worker-5: Download sources and javadoc] INFO  o.e.m.j.internal.DownloadSourcesJob - Downloaded sources for org.apache.ant:ant:1.10.3
2021-08-12 21:43:07,770 [Worker-5: Download sources and javadoc] INFO  o.e.m.c.i.e.AbstractTransferListenerAdapter - Downloading https://repo.maven.apache.org/maven2/org/apache/ant/ant-launcher/1.10.3/ant-launcher-1.10.3-sources.jar
2021-08-12 21:43:08,121 [Worker-5: Download sources and javadoc] INFO  o.e.m.c.i.e.AbstractTransferListenerAdapter - Downloaded https://repo.maven.apache.org/maven2/org/apache/ant/ant-launcher/1.10.3/ant-launcher-1.10.3-sources.jar
2021-08-12 21:43:08,124 [Worker-5: Download sources and javadoc] INFO  o.e.m.j.internal.DownloadSourcesJob - Downloaded sources for org.apache.ant:ant-launcher:1.10.3
2021-08-12 21:43:08,496 [Worker-10: Building] INFO  o.e.m.c.i.embedder.EclipseLogger - Using 'UTF-8' encoding to copy filtered resources.
2021-08-12 21:43:08,497 [Worker-10: Building] INFO  o.e.m.c.i.embedder.EclipseLogger - skip non existing resourceDirectory C:\Gaurav\Workspace_UI_Automation\UI_Automation\src\main\resources
2021-08-12 21:43:08,498 [Worker-10: Building] INFO  o.e.m.c.i.embedder.EclipseLogger - Using 'UTF-8' encoding to copy filtered resources.
2021-08-12 21:43:08,499 [Worker-10: Building] INFO  o.e.m.c.i.embedder.EclipseLogger - skip non existing resourceDirectory C:\Gaurav\Workspace_UI_Automation\UI_Automation\src\test\resources
2021-08-12 21:43:08,859 [Worker-5: Download sources and javadoc] INFO  o.e.m.c.i.e.AbstractTransferListenerAdapter - Downloading https://repo.maven.apache.org/maven2/com/google/inject/guice/4.2.2/guice-4.2.2-sources.jar
2021-08-12 21:43:09,711 [Worker-5: Download sources and javadoc] INFO  o.e.m.c.i.e.AbstractTransferListenerAdapter - Downloaded https://repo.maven.apache.org/maven2/com/google/inject/guice/4.2.2/guice-4.2.2-sources.jar
2021-08-12 21:43:09,715 [Worker-5: Download sources and javadoc] INFO  o.e.m.j.internal.DownloadSourcesJob - Downloaded sources for com.google.inject:guice:4.2.2:no_aop
2021-08-12 21:43:10,402 [Worker-5: Download sources and javadoc] INFO  o.e.m.c.i.e.AbstractTransferListenerAdapter - Downloading https://repo.maven.apache.org/maven2/javax/inject/javax.inject/1/javax.inject-1-sources.jar
2021-08-12 21:43:10,762 [Worker-5: Download sources and javadoc] INFO  o.e.m.c.i.e.AbstractTransferListenerAdapter - Downloaded https://repo.maven.apache.org/maven2/javax/inject/javax.inject/1/javax.inject-1-sources.jar
2021-08-12 21:43:10,771 [Worker-5: Download sources and javadoc] INFO  o.e.m.j.internal.DownloadSourcesJob - Downloaded sources for javax.inject:javax.inject:1
2021-08-12 21:43:11,509 [Worker-5: Download sources and javadoc] INFO  o.e.m.c.i.e.AbstractTransferListenerAdapter - Downloading https://repo.maven.apache.org/maven2/aopalliance/aopalliance/1.0/aopalliance-1.0-sources.jar
2021-08-12 21:43:11,883 [Worker-5: Download sources and javadoc] INFO  o.e.m.c.i.e.AbstractTransferListenerAdapter - Downloaded https://repo.maven.apache.org/maven2/aopalliance/aopalliance/1.0/aopalliance-1.0-sources.jar
2021-08-12 21:43:11,889 [Worker-5: Download sources and javadoc] INFO  o.e.m.j.internal.DownloadSourcesJob - Downloaded sources for aopalliance:aopalliance:1.0
2021-08-12 21:43:12,699 [Worker-5: Download sources and javadoc] INFO  o.e.m.c.i.e.AbstractTransferListenerAdapter - Downloading https://repo.maven.apache.org/maven2/org/yaml/snakeyaml/1.21/snakeyaml-1.21-sources.jar
2021-08-12 21:43:13,402 [Worker-5: Download sources and javadoc] INFO  o.e.m.c.i.e.AbstractTransferListenerAdapter - Downloaded https://repo.maven.apache.org/maven2/org/yaml/snakeyaml/1.21/snakeyaml-1.21-sources.jar
2021-08-12 21:43:13,411 [Worker-5: Download sources and javadoc] INFO  o.e.m.j.internal.DownloadSourcesJob - Downloaded sources for org.yaml:snakeyaml:1.21
2021-08-12 21:43:13,414 [Worker-5: Download sources and javadoc] INFO  o.e.m.j.internal.DownloadSourcesJob - Downloaded sources for org.testng:testng:7.3.0
2021-08-12 21:43:13,417 [Worker-5: Download sources and javadoc] INFO  o.e.m.j.internal.DownloadSourcesJob - Downloaded sources for org.apache.ant:ant:1.10.3
2021-08-12 21:43:13,421 [Worker-5: Download sources and javadoc] INFO  o.e.m.j.internal.DownloadSourcesJob - Downloaded sources for org.apache.ant:ant-launcher:1.10.3
2021-08-12 21:43:13,424 [Worker-5: Download sources and javadoc] INFO  o.e.m.j.internal.DownloadSourcesJob - Downloaded sources for com.google.inject:guice:4.2.2:no_aop
2021-08-12 21:43:13,427 [Worker-5: Download sources and javadoc] INFO  o.e.m.j.internal.DownloadSourcesJob - Downloaded sources for javax.inject:javax.inject:1
2021-08-12 21:43:13,430 [Worker-5: Download sources and javadoc] INFO  o.e.m.j.internal.DownloadSourcesJob - Downloaded sources for aopalliance:aopalliance:1.0
2021-08-12 21:43:13,434 [Worker-5: Download sources and javadoc] INFO  o.e.m.j.internal.DownloadSourcesJob - Downloaded sources for org.yaml:snakeyaml:1.21
2021-08-12 21:43:13,436 [Worker-5: Download sources and javadoc] INFO  o.e.m.j.internal.DownloadSourcesJob - Downloaded sources for org.testng:testng:7.3.0
2021-08-12 21:43:13,439 [Worker-5: Download sources and javadoc] INFO  o.e.m.j.internal.DownloadSourcesJob - Downloaded sources for org.apache.ant:ant:1.10.3
2021-08-12 21:43:13,443 [Worker-5: Download sources and javadoc] INFO  o.e.m.j.internal.DownloadSourcesJob - Downloaded sources for org.apache.ant:ant-launcher:1.10.3
2021-08-12 21:43:13,445 [Worker-5: Download sources and javadoc] INFO  o.e.m.j.internal.DownloadSourcesJob - Downloaded sources for com.google.inject:guice:4.2.2:no_aop
2021-08-12 21:43:13,449 [Worker-5: Download sources and javadoc] INFO  o.e.m.j.internal.DownloadSourcesJob - Downloaded sources for javax.inject:javax.inject:1
2021-08-12 21:43:13,452 [Worker-5: Download sources and javadoc] INFO  o.e.m.j.internal.DownloadSourcesJob - Downloaded sources for aopalliance:aopalliance:1.0
2021-08-12 21:43:13,455 [Worker-5: Download sources and javadoc] INFO  o.e.m.j.internal.DownloadSourcesJob - Downloaded sources for org.yaml:snakeyaml:1.21
2021-08-12 21:43:13,723 [Worker-13: Building] INFO  o.e.m.c.i.embedder.EclipseLogger - Using 'UTF-8' encoding to copy filtered resources.
2021-08-12 21:43:13,724 [Worker-13: Building] INFO  o.e.m.c.i.embedder.EclipseLogger - skip non existing resourceDirectory C:\Gaurav\Workspace_UI_Automation\UI_Automation\src\main\resources
2021-08-12 21:43:13,724 [Worker-13: Building] INFO  o.e.m.c.i.embedder.EclipseLogger - Using 'UTF-8' encoding to copy filtered resources.
2021-08-12 21:43:13,724 [Worker-13: Building] INFO  o.e.m.c.i.embedder.EclipseLogger - skip non existing resourceDirectory C:\Gaurav\Workspace_UI_Automation\UI_Automation\src\test\resources
2021-08-12 21:44:43,929 [Worker-10: Building] INFO  o.e.m.c.i.embedder.EclipseLogger - Using 'UTF-8' encoding to copy filtered resources.
2021-08-12 21:44:43,930 [Worker-10: Building] INFO  o.e.m.c.i.embedder.EclipseLogger - skip non existing resourceDirectory C:\Gaurav\Workspace_UI_Automation\UI_Automation\src\main\resources
2021-08-12 21:44:43,931 [Worker-10: Building] INFO  o.e.m.c.i.embedder.EclipseLogger - Using 'UTF-8' encoding to copy filtered resources.
2021-08-12 21:44:43,931 [Worker-10: Building] INFO  o.e.m.c.i.embedder.EclipseLogger - skip non existing resourceDirectory C:\Gaurav\Workspace_UI_Automation\UI_Automation\src\test\resources
2021-08-12 21:44:46,553 [Worker-18: Building] INFO  o.e.m.c.i.embedder.EclipseLogger - Using 'UTF-8' encoding to copy filtered resources.
2021-08-12 21:44:46,554 [Worker-18: Building] INFO  o.e.m.c.i.embedder.EclipseLogger - skip non existing resourceDirectory C:\Gaurav\Workspace_UI_Automation\UI_Automation\src\main\resources
2021-08-12 21:44:46,555 [Worker-18: Building] INFO  o.e.m.c.i.embedder.EclipseLogger - Using 'UTF-8' encoding to copy filtered resources.
2021-08-12 21:44:46,555 [Worker-18: Building] INFO  o.e.m.c.i.embedder.EclipseLogger - skip non existing resourceDirectory C:\Gaurav\Workspace_UI_Automation\UI_Automation\src\test\resources
2021-08-12 22:00:41,364 [Worker-23: Building] INFO  o.e.m.c.i.embedder.EclipseLogger - Using 'UTF-8' encoding to copy filtered resources.
2021-08-12 22:00:41,364 [Worker-23: Building] INFO  o.e.m.c.i.embedder.EclipseLogger - skip non existing resourceDirectory C:\Gaurav\Workspace_UI_Automation\UI_Automation\src\main\resources
2021-08-12 22:00:41,365 [Worker-23: Building] INFO  o.e.m.c.i.embedder.EclipseLogger - Using 'UTF-8' encoding to copy filtered resources.
2021-08-12 22:00:41,366 [Worker-23: Building] INFO  o.e.m.c.i.embedder.EclipseLogger - skip non existing resourceDirectory C:\Gaurav\Workspace_UI_Automation\UI_Automation\src\test\resources
2021-08-12 22:01:43,760 [Worker-22: Building] INFO  o.e.m.c.i.embedder.EclipseLogger - Using 'UTF-8' encoding to copy filtered resources.
2021-08-12 22:01:43,760 [Worker-22: Building] INFO  o.e.m.c.i.embedder.EclipseLogger - skip non existing resourceDirectory C:\Gaurav\Workspace_UI_Automation\UI_Automation\src\main\resources
2021-08-12 22:01:43,761 [Worker-22: Building] INFO  o.e.m.c.i.embedder.EclipseLogger - Using 'UTF-8' encoding to copy filtered resources.
2021-08-12 22:01:43,761 [Worker-22: Building] INFO  o.e.m.c.i.embedder.EclipseLogger - skip non existing resourceDirectory C:\Gaurav\Workspace_UI_Automation\UI_Automation\src\test\resources
2021-08-12 22:01:56,624 [Worker-20: Building] INFO  o.e.m.c.i.embedder.EclipseLogger - Using 'UTF-8' encoding to copy filtered resources.
2021-08-12 22:01:56,624 [Worker-20: Building] INFO  o.e.m.c.i.embedder.EclipseLogger - skip non existing resourceDirectory C:\Gaurav\Workspace_UI_Automation\UI_Automation\src\main\resources
2021-08-12 22:01:56,625 [Worker-20: Building] INFO  o.e.m.c.i.embedder.EclipseLogger - Using 'UTF-8' encoding to copy filtered resources.
2021-08-12 22:01:56,625 [Worker-20: Building] INFO  o.e.m.c.i.embedder.EclipseLogger - skip non existing resourceDirectory C:\Gaurav\Workspace_UI_Automation\UI_Automation\src\test\resources
2021-08-12 22:02:21,998 [Worker-22: Building] INFO  o.e.m.c.i.embedder.EclipseLogger - Using 'UTF-8' encoding to copy filtered resources.
2021-08-12 22:02:21,999 [Worker-22: Building] INFO  o.e.m.c.i.embedder.EclipseLogger - skip non existing resourceDirectory C:\Gaurav\Workspace_UI_Automation\UI_Automation\src\main\resources
2021-08-12 22:02:22,003 [Worker-22: Building] INFO  o.e.m.c.i.embedder.EclipseLogger - Using 'UTF-8' encoding to copy filtered resources.
2021-08-12 22:02:22,003 [Worker-22: Building] INFO  o.e.m.c.i.embedder.EclipseLogger - skip non existing resourceDirectory C:\Gaurav\Workspace_UI_Automation\UI_Automation\src\test\resources
2021-08-12 22:02:59,269 [Worker-21: Building] INFO  o.e.m.c.i.embedder.EclipseLogger - Using 'UTF-8' encoding to copy filtered resources.
2021-08-12 22:02:59,270 [Worker-21: Building] INFO  o.e.m.c.i.embedder.EclipseLogger - skip non existing resourceDirectory C:\Gaurav\Workspace_UI_Automation\UI_Automation\src\main\resources
2021-08-12 22:02:59,272 [Worker-21: Building] INFO  o.e.m.c.i.embedder.EclipseLogger - Using 'UTF-8' encoding to copy filtered resources.
2021-08-12 22:02:59,272 [Worker-21: Building] INFO  o.e.m.c.i.embedder.EclipseLogger - skip non existing resourceDirectory C:\Gaurav\Workspace_UI_Automation\UI_Automation\src\test\resources
2021-08-12 22:11:53,866 [Worker-27: Building] INFO  o.e.m.c.i.embedder.EclipseLogger - Using 'UTF-8' encoding to copy filtered resources.
2021-08-12 22:11:53,867 [Worker-27: Building] INFO  o.e.m.c.i.embedder.EclipseLogger - skip non existing resourceDirectory C:\Gaurav\Workspace_UI_Automation\UI_Automation\src\main\resources
2021-08-12 22:11:53,868 [Worker-27: Building] INFO  o.e.m.c.i.embedder.EclipseLogger - Using 'UTF-8' encoding to copy filtered resources.
2021-08-12 22:11:53,868 [Worker-27: Building] INFO  o.e.m.c.i.embedder.EclipseLogger - skip non existing resourceDirectory C:\Gaurav\Workspace_UI_Automation\UI_Automation\src\test\resources
2021-08-12 22:12:11,896 [Worker-27: Building] INFO  o.e.m.c.i.embedder.EclipseLogger - Using 'UTF-8' encoding to copy filtered resources.
2021-08-12 22:12:11,897 [Worker-27: Building] INFO  o.e.m.c.i.embedder.EclipseLogger - skip non existing resourceDirectory C:\Gaurav\Workspace_UI_Automation\UI_Automation\src\main\resources
2021-08-12 22:12:11,898 [Worker-27: Building] INFO  o.e.m.c.i.embedder.EclipseLogger - Using 'UTF-8' encoding to copy filtered resources.
2021-08-12 22:12:11,899 [Worker-27: Building] INFO  o.e.m.c.i.embedder.EclipseLogger - skip non existing resourceDirectory C:\Gaurav\Workspace_UI_Automation\UI_Automation\src\test\resources
2021-08-12 22:12:41,979 [Worker-25: Building] INFO  o.e.m.c.i.embedder.EclipseLogger - Using 'UTF-8' encoding to copy filtered resources.
2021-08-12 22:12:41,980 [Worker-25: Building] INFO  o.e.m.c.i.embedder.EclipseLogger - skip non existing resourceDirectory C:\Gaurav\Workspace_UI_Automation\UI_Automation\src\main\resources
2021-08-12 22:12:41,981 [Worker-25: Building] INFO  o.e.m.c.i.embedder.EclipseLogger - Using 'UTF-8' encoding to copy filtered resources.
2021-08-12 22:12:41,981 [Worker-25: Building] INFO  o.e.m.c.i.embedder.EclipseLogger - skip non existing resourceDirectory C:\Gaurav\Workspace_UI_Automation\UI_Automation\src\test\resources
2021-08-12 22:13:04,074 [Worker-24: Building] INFO  o.e.m.c.i.embedder.EclipseLogger - Using 'UTF-8' encoding to copy filtered resources.
2021-08-12 22:13:04,074 [Worker-24: Building] INFO  o.e.m.c.i.embedder.EclipseLogger - skip non existing resourceDirectory C:\Gaurav\Workspace_UI_Automation\UI_Automation\src\main\resources
2021-08-12 22:13:04,075 [Worker-24: Building] INFO  o.e.m.c.i.embedder.EclipseLogger - Using 'UTF-8' encoding to copy filtered resources.
2021-08-12 22:13:04,075 [Worker-24: Building] INFO  o.e.m.c.i.embedder.EclipseLogger - skip non existing resourceDirectory C:\Gaurav\Workspace_UI_Automation\UI_Automation\src\test\resources
2021-08-12 22:15:47,263 [Worker-26: Building] INFO  o.e.m.c.i.embedder.EclipseLogger - Using 'UTF-8' encoding to copy filtered resources.
2021-08-12 22:15:47,263 [Worker-26: Building] INFO  o.e.m.c.i.embedder.EclipseLogger - skip non existing resourceDirectory C:\Gaurav\Workspace_UI_Automation\UI_Automation\src\main\resources
2021-08-12 22:15:47,264 [Worker-26: Building] INFO  o.e.m.c.i.embedder.EclipseLogger - Using 'UTF-8' encoding to copy filtered resources.
2021-08-12 22:15:47,264 [Worker-26: Building] INFO  o.e.m.c.i.embedder.EclipseLogger - skip non existing resourceDirectory C:\Gaurav\Workspace_UI_Automation\UI_Automation\src\test\resources
2021-08-12 22:16:05,240 [Worker-20: Building] INFO  o.e.m.c.i.embedder.EclipseLogger - Using 'UTF-8' encoding to copy filtered resources.
2021-08-12 22:16:05,241 [Worker-20: Building] INFO  o.e.m.c.i.embedder.EclipseLogger - skip non existing resourceDirectory C:\Gaurav\Workspace_UI_Automation\UI_Automation\src\main\resources
2021-08-12 22:16:05,243 [Worker-20: Building] INFO  o.e.m.c.i.embedder.EclipseLogger - Using 'UTF-8' encoding to copy filtered resources.
2021-08-12 22:16:05,243 [Worker-20: Building] INFO  o.e.m.c.i.embedder.EclipseLogger - skip non existing resourceDirectory C:\Gaurav\Workspace_UI_Automation\UI_Automation\src\test\resources
2021-08-12 22:16:44,083 [Worker-28: Building] INFO  o.e.m.c.i.embedder.EclipseLogger - Using 'UTF-8' encoding to copy filtered resources.
2021-08-12 22:16:44,084 [Worker-28: Building] INFO  o.e.m.c.i.embedder.EclipseLogger - skip non existing resourceDirectory C:\Gaurav\Workspace_UI_Automation\UI_Automation\src\main\resources
2021-08-12 22:16:44,089 [Worker-28: Building] INFO  o.e.m.c.i.embedder.EclipseLogger - Using 'UTF-8' encoding to copy filtered resources.
2021-08-12 22:16:44,089 [Worker-28: Building] INFO  o.e.m.c.i.embedder.EclipseLogger - skip non existing resourceDirectory C:\Gaurav\Workspace_UI_Automation\UI_Automation\src\test\resources
2021-08-12 22:16:52,160 [Worker-26: Building] INFO  o.e.m.c.i.embedder.EclipseLogger - Using 'UTF-8' encoding to copy filtered resources.
2021-08-12 22:16:52,161 [Worker-26: Building] INFO  o.e.m.c.i.embedder.EclipseLogger - skip non existing resourceDirectory C:\Gaurav\Workspace_UI_Automation\UI_Automation\src\main\resources
2021-08-12 22:16:52,161 [Worker-26: Building] INFO  o.e.m.c.i.embedder.EclipseLogger - Using 'UTF-8' encoding to copy filtered resources.
2021-08-12 22:16:52,161 [Worker-26: Building] INFO  o.e.m.c.i.embedder.EclipseLogger - skip non existing resourceDirectory C:\Gaurav\Workspace_UI_Automation\UI_Automation\src\test\resources
2021-08-12 22:17:03,039 [Worker-29: Building] INFO  o.e.m.c.i.embedder.EclipseLogger - Using 'UTF-8' encoding to copy filtered resources.
2021-08-12 22:17:03,039 [Worker-29: Building] INFO  o.e.m.c.i.embedder.EclipseLogger - skip non existing resourceDirectory C:\Gaurav\Workspace_UI_Automation\UI_Automation\src\main\resources
2021-08-12 22:17:03,041 [Worker-29: Building] INFO  o.e.m.c.i.embedder.EclipseLogger - Using 'UTF-8' encoding to copy filtered resources.
2021-08-12 22:17:03,041 [Worker-29: Building] INFO  o.e.m.c.i.embedder.EclipseLogger - skip non existing resourceDirectory C:\Gaurav\Workspace_UI_Automation\UI_Automation\src\test\resources
2021-08-12 22:17:35,210 [Worker-29: Building] INFO  o.e.m.c.i.embedder.EclipseLogger - Using 'UTF-8' encoding to copy filtered resources.
2021-08-12 22:17:35,210 [Worker-29: Building] INFO  o.e.m.c.i.embedder.EclipseLogger - skip non existing resourceDirectory C:\Gaurav\Workspace_UI_Automation\UI_Automation\src\main\resources
2021-08-12 22:17:35,211 [Worker-29: Building] INFO  o.e.m.c.i.embedder.EclipseLogger - Using 'UTF-8' encoding to copy filtered resources.
2021-08-12 22:17:35,212 [Worker-29: Building] INFO  o.e.m.c.i.embedder.EclipseLogger - skip non existing resourceDirectory C:\Gaurav\Workspace_UI_Automation\UI_Automation\src\test\resources
2021-08-12 22:17:59,847 [Worker-29: Building] INFO  o.e.m.c.i.embedder.EclipseLogger - Using 'UTF-8' encoding to copy filtered resources.
2021-08-12 22:17:59,847 [Worker-29: Building] INFO  o.e.m.c.i.embedder.EclipseLogger - skip non existing resourceDirectory C:\Gaurav\Workspace_UI_Automation\UI_Automation\src\main\resources
2021-08-12 22:17:59,848 [Worker-29: Building] INFO  o.e.m.c.i.embedder.EclipseLogger - Using 'UTF-8' encoding to copy filtered resources.
2021-08-12 22:17:59,848 [Worker-29: Building] INFO  o.e.m.c.i.embedder.EclipseLogger - skip non existing resourceDirectory C:\Gaurav\Workspace_UI_Automation\UI_Automation\src\test\resources
2021-08-12 22:18:37,920 [Worker-20: Building] INFO  o.e.m.c.i.embedder.EclipseLogger - Using 'UTF-8' encoding to copy filtered resources.
2021-08-12 22:18:37,921 [Worker-20: Building] INFO  o.e.m.c.i.embedder.EclipseLogger - skip non existing resourceDirectory C:\Gaurav\Workspace_UI_Automation\UI_Automation\src\main\resources
2021-08-12 22:18:37,921 [Worker-20: Building] INFO  o.e.m.c.i.embedder.EclipseLogger - Using 'UTF-8' encoding to copy filtered resources.
2021-08-12 22:18:37,922 [Worker-20: Building] INFO  o.e.m.c.i.embedder.EclipseLogger - skip non existing resourceDirectory C:\Gaurav\Workspace_UI_Automation\UI_Automation\src\test\resources
2021-08-12 22:18:57,232 [Worker-20: Building] INFO  o.e.m.c.i.embedder.EclipseLogger - Using 'UTF-8' encoding to copy filtered resources.
2021-08-12 22:18:57,232 [Worker-20: Building] INFO  o.e.m.c.i.embedder.EclipseLogger - skip non existing resourceDirectory C:\Gaurav\Workspace_UI_Automation\UI_Automation\src\main\resources
2021-08-12 22:18:57,233 [Worker-20: Building] INFO  o.e.m.c.i.embedder.EclipseLogger - Using 'UTF-8' encoding to copy filtered resources.
2021-08-12 22:18:57,233 [Worker-20: Building] INFO  o.e.m.c.i.embedder.EclipseLogger - skip non existing resourceDirectory C:\Gaurav\Workspace_UI_Automation\UI_Automation\src\test\resources
2021-08-12 22:19:15,780 [Worker-26: Building] INFO  o.e.m.c.i.embedder.EclipseLogger - Using 'UTF-8' encoding to copy filtered resources.
2021-08-12 22:19:15,780 [Worker-26: Building] INFO  o.e.m.c.i.embedder.EclipseLogger - skip non existing resourceDirectory C:\Gaurav\Workspace_UI_Automation\UI_Automation\src\main\resources
2021-08-12 22:19:15,781 [Worker-26: Building] INFO  o.e.m.c.i.embedder.EclipseLogger - Using 'UTF-8' encoding to copy filtered resources.
2021-08-12 22:19:15,781 [Worker-26: Building] INFO  o.e.m.c.i.embedder.EclipseLogger - skip non existing resourceDirectory C:\Gaurav\Workspace_UI_Automation\UI_Automation\src\test\resources
2021-08-12 22:19:19,334 [Worker-28: Building] INFO  o.e.m.c.i.embedder.EclipseLogger - Using 'UTF-8' encoding to copy filtered resources.
2021-08-12 22:19:19,335 [Worker-28: Building] INFO  o.e.m.c.i.embedder.EclipseLogger - skip non existing resourceDirectory C:\Gaurav\Workspace_UI_Automation\UI_Automation\src\main\resources
2021-08-12 22:19:19,335 [Worker-28: Building] INFO  o.e.m.c.i.embedder.EclipseLogger - Using 'UTF-8' encoding to copy filtered resources.
2021-08-12 22:19:19,335 [Worker-28: Building] INFO  o.e.m.c.i.embedder.EclipseLogger - skip non existing resourceDirectory C:\Gaurav\Workspace_UI_Automation\UI_Automation\src\test\resources
2021-08-12 22:19:44,954 [Worker-28: Building] INFO  o.e.m.c.i.embedder.EclipseLogger - Using 'UTF-8' encoding to copy filtered resources.
2021-08-12 22:19:44,954 [Worker-28: Building] INFO  o.e.m.c.i.embedder.EclipseLogger - skip non existing resourceDirectory C:\Gaurav\Workspace_UI_Automation\UI_Automation\src\main\resources
2021-08-12 22:19:44,955 [Worker-28: Building] INFO  o.e.m.c.i.embedder.EclipseLogger - Using 'UTF-8' encoding to copy filtered resources.
2021-08-12 22:19:44,956 [Worker-28: Building] INFO  o.e.m.c.i.embedder.EclipseLogger - skip non existing resourceDirectory C:\Gaurav\Workspace_UI_Automation\UI_Automation\src\test\resources
2021-08-12 22:19:56,018 [Worker-28: Building] INFO  o.e.m.c.i.embedder.EclipseLogger - Using 'UTF-8' encoding to copy filtered resources.
2021-08-12 22:19:56,018 [Worker-28: Building] INFO  o.e.m.c.i.embedder.EclipseLogger - skip non existing resourceDirectory C:\Gaurav\Workspace_UI_Automation\UI_Automation\src\main\resources
2021-08-12 22:19:56,019 [Worker-28: Building] INFO  o.e.m.c.i.embedder.EclipseLogger - Using 'UTF-8' encoding to copy filtered resources.
2021-08-12 22:19:56,019 [Worker-28: Building] INFO  o.e.m.c.i.embedder.EclipseLogger - skip non existing resourceDirectory C:\Gaurav\Workspace_UI_Automation\UI_Automation\src\test\resources
2021-08-12 22:20:11,243 [Worker-20: Building] INFO  o.e.m.c.i.embedder.EclipseLogger - Using 'UTF-8' encoding to copy filtered resources.
2021-08-12 22:20:11,243 [Worker-20: Building] INFO  o.e.m.c.i.embedder.EclipseLogger - skip non existing resourceDirectory C:\Gaurav\Workspace_UI_Automation\UI_Automation\src\main\resources
2021-08-12 22:20:11,244 [Worker-20: Building] INFO  o.e.m.c.i.embedder.EclipseLogger - Using 'UTF-8' encoding to copy filtered resources.
2021-08-12 22:20:11,244 [Worker-20: Building] INFO  o.e.m.c.i.embedder.EclipseLogger - skip non existing resourceDirectory C:\Gaurav\Workspace_UI_Automation\UI_Automation\src\test\resources
2021-08-12 22:20:43,349 [Worker-20: Building] INFO  o.e.m.c.i.embedder.EclipseLogger - Using 'UTF-8' encoding to copy filtered resources.
2021-08-12 22:20:43,350 [Worker-20: Building] INFO  o.e.m.c.i.embedder.EclipseLogger - skip non existing resourceDirectory C:\Gaurav\Workspace_UI_Automation\UI_Automation\src\main\resources
2021-08-12 22:20:43,350 [Worker-20: Building] INFO  o.e.m.c.i.embedder.EclipseLogger - Using 'UTF-8' encoding to copy filtered resources.
2021-08-12 22:20:43,350 [Worker-20: Building] INFO  o.e.m.c.i.embedder.EclipseLogger - skip non existing resourceDirectory C:\Gaurav\Workspace_UI_Automation\UI_Automation\src\test\resources
2021-08-12 22:23:16,222 [Worker-26: Building] INFO  o.e.m.c.i.embedder.EclipseLogger - Using 'UTF-8' encoding to copy filtered resources.
2021-08-12 22:23:16,223 [Worker-26: Building] INFO  o.e.m.c.i.embedder.EclipseLogger - skip non existing resourceDirectory C:\Gaurav\Workspace_UI_Automation\UI_Automation\src\main\resources
2021-08-12 22:23:16,223 [Worker-26: Building] INFO  o.e.m.c.i.embedder.EclipseLogger - Using 'UTF-8' encoding to copy filtered resources.
2021-08-12 22:23:16,224 [Worker-26: Building] INFO  o.e.m.c.i.embedder.EclipseLogger - skip non existing resourceDirectory C:\Gaurav\Workspace_UI_Automation\UI_Automation\src\test\resources
2021-08-12 22:23:29,523 [Worker-30: Building] INFO  o.e.m.c.i.embedder.EclipseLogger - Using 'UTF-8' encoding to copy filtered resources.
2021-08-12 22:23:29,523 [Worker-30: Building] INFO  o.e.m.c.i.embedder.EclipseLogger - skip non existing resourceDirectory C:\Gaurav\Workspace_UI_Automation\UI_Automation\src\main\resources
2021-08-12 22:23:29,524 [Worker-30: Building] INFO  o.e.m.c.i.embedder.EclipseLogger - Using 'UTF-8' encoding to copy filtered resources.
2021-08-12 22:23:29,524 [Worker-30: Building] INFO  o.e.m.c.i.embedder.EclipseLogger - skip non existing resourceDirectory C:\Gaurav\Workspace_UI_Automation\UI_Automation\src\test\resources
2021-08-12 22:23:40,726 [Worker-31: Building] INFO  o.e.m.c.i.embedder.EclipseLogger - Using 'UTF-8' encoding to copy filtered resources.
2021-08-12 22:23:40,727 [Worker-31: Building] INFO  o.e.m.c.i.embedder.EclipseLogger - skip non existing resourceDirectory C:\Gaurav\Workspace_UI_Automation\UI_Automation\src\main\resources
2021-08-12 22:23:40,729 [Worker-31: Building] INFO  o.e.m.c.i.embedder.EclipseLogger - Using 'UTF-8' encoding to copy filtered resources.
2021-08-12 22:23:40,729 [Worker-31: Building] INFO  o.e.m.c.i.embedder.EclipseLogger - skip non existing resourceDirectory C:\Gaurav\Workspace_UI_Automation\UI_Automation\src\test\resources
2021-08-12 22:24:34,706 [Worker-30: Building] INFO  o.e.m.c.i.embedder.EclipseLogger - Using 'UTF-8' encoding to copy filtered resources.
2021-08-12 22:24:34,706 [Worker-30: Building] INFO  o.e.m.c.i.embedder.EclipseLogger - skip non existing resourceDirectory C:\Gaurav\Workspace_UI_Automation\UI_Automation\src\main\resources
2021-08-12 22:24:34,707 [Worker-30: Building] INFO  o.e.m.c.i.embedder.EclipseLogger - Using 'UTF-8' encoding to copy filtered resources.
2021-08-12 22:24:34,707 [Worker-30: Building] INFO  o.e.m.c.i.embedder.EclipseLogger - skip non existing resourceDirectory C:\Gaurav\Workspace_UI_Automation\UI_Automation\src\test\resources
2021-08-12 22:25:19,699 [Worker-30: Building] INFO  o.e.m.c.i.embedder.EclipseLogger - Using 'UTF-8' encoding to copy filtered resources.
2021-08-12 22:25:19,699 [Worker-30: Building] INFO  o.e.m.c.i.embedder.EclipseLogger - skip non existing resourceDirectory C:\Gaurav\Workspace_UI_Automation\UI_Automation\src\main\resources
2021-08-12 22:25:19,700 [Worker-30: Building] INFO  o.e.m.c.i.embedder.EclipseLogger - Using 'UTF-8' encoding to copy filtered resources.
2021-08-12 22:25:19,700 [Worker-30: Building] INFO  o.e.m.c.i.embedder.EclipseLogger - skip non existing resourceDirectory C:\Gaurav\Workspace_UI_Automation\UI_Automation\src\test\resources
2021-08-12 22:25:44,491 [Worker-20: Building] INFO  o.e.m.c.i.embedder.EclipseLogger - Using 'UTF-8' encoding to copy filtered resources.
2021-08-12 22:25:44,491 [Worker-20: Building] INFO  o.e.m.c.i.embedder.EclipseLogger - skip non existing resourceDirectory C:\Gaurav\Workspace_UI_Automation\UI_Automation\src\main\resources
2021-08-12 22:25:44,492 [Worker-20: Building] INFO  o.e.m.c.i.embedder.EclipseLogger - Using 'UTF-8' encoding to copy filtered resources.
2021-08-12 22:25:44,492 [Worker-20: Building] INFO  o.e.m.c.i.embedder.EclipseLogger - skip non existing resourceDirectory C:\Gaurav\Workspace_UI_Automation\UI_Automation\src\test\resources
2021-08-12 22:25:57,589 [Worker-30: Building] INFO  o.e.m.c.i.embedder.EclipseLogger - Using 'UTF-8' encoding to copy filtered resources.
2021-08-12 22:25:57,589 [Worker-30: Building] INFO  o.e.m.c.i.embedder.EclipseLogger - skip non existing resourceDirectory C:\Gaurav\Workspace_UI_Automation\UI_Automation\src\main\resources
2021-08-12 22:25:57,589 [Worker-30: Building] INFO  o.e.m.c.i.embedder.EclipseLogger - Using 'UTF-8' encoding to copy filtered resources.
2021-08-12 22:25:57,589 [Worker-30: Building] INFO  o.e.m.c.i.embedder.EclipseLogger - skip non existing resourceDirectory C:\Gaurav\Workspace_UI_Automation\UI_Automation\src\test\resources
2021-08-12 22:27:14,378 [Worker-32: Launching TestCase1] INFO  o.e.m.c.i.embedder.EclipseLogger - Using 'UTF-8' encoding to copy filtered resources.
2021-08-12 22:27:14,378 [Worker-32: Launching TestCase1] INFO  o.e.m.c.i.embedder.EclipseLogger - skip non existing resourceDirectory C:\Gaurav\Workspace_UI_Automation\UI_Automation\src\main\resources
2021-08-12 22:27:14,379 [Worker-32: Launching TestCase1] INFO  o.e.m.c.i.embedder.EclipseLogger - Using 'UTF-8' encoding to copy filtered resources.
2021-08-12 22:27:14,379 [Worker-32: Launching TestCase1] INFO  o.e.m.c.i.embedder.EclipseLogger - skip non existing resourceDirectory C:\Gaurav\Workspace_UI_Automation\UI_Automation\src\test\resources
2021-08-12 22:27:59,211 [Worker-30: Building] INFO  o.e.m.c.i.embedder.EclipseLogger - Using 'UTF-8' encoding to copy filtered resources.
2021-08-12 22:27:59,211 [Worker-30: Building] INFO  o.e.m.c.i.embedder.EclipseLogger - skip non existing resourceDirectory C:\Gaurav\Workspace_UI_Automation\UI_Automation\src\main\resources
2021-08-12 22:27:59,212 [Worker-30: Building] INFO  o.e.m.c.i.embedder.EclipseLogger - Using 'UTF-8' encoding to copy filtered resources.
2021-08-12 22:27:59,213 [Worker-30: Building] INFO  o.e.m.c.i.embedder.EclipseLogger - skip non existing resourceDirectory C:\Gaurav\Workspace_UI_Automation\UI_Automation\src\test\resources
2021-08-12 22:28:14,692 [Worker-29: Building] INFO  o.e.m.c.i.embedder.EclipseLogger - Using 'UTF-8' encoding to copy filtered resources.
2021-08-12 22:28:14,692 [Worker-29: Building] INFO  o.e.m.c.i.embedder.EclipseLogger - skip non existing resourceDirectory C:\Gaurav\Workspace_UI_Automation\UI_Automation\src\main\resources
2021-08-12 22:28:14,693 [Worker-29: Building] INFO  o.e.m.c.i.embedder.EclipseLogger - Using 'UTF-8' encoding to copy filtered resources.
2021-08-12 22:28:14,693 [Worker-29: Building] INFO  o.e.m.c.i.embedder.EclipseLogger - skip non existing resourceDirectory C:\Gaurav\Workspace_UI_Automation\UI_Automation\src\test\resources
2021-08-12 22:28:16,794 [Worker-30: Building] INFO  o.e.m.c.i.embedder.EclipseLogger - Using 'UTF-8' encoding to copy filtered resources.
2021-08-12 22:28:16,795 [Worker-30: Building] INFO  o.e.m.c.i.embedder.EclipseLogger - skip non existing resourceDirectory C:\Gaurav\Workspace_UI_Automation\UI_Automation\src\main\resources
2021-08-12 22:28:16,795 [Worker-30: Building] INFO  o.e.m.c.i.embedder.EclipseLogger - Using 'UTF-8' encoding to copy filtered resources.
2021-08-12 22:28:16,795 [Worker-30: Building] INFO  o.e.m.c.i.embedder.EclipseLogger - skip non existing resourceDirectory C:\Gaurav\Workspace_UI_Automation\UI_Automation\src\test\resources
2021-08-12 22:28:21,381 [Worker-30: Building] INFO  o.e.m.c.i.embedder.EclipseLogger - Using 'UTF-8' encoding to copy filtered resources.
2021-08-12 22:28:21,381 [Worker-30: Building] INFO  o.e.m.c.i.embedder.EclipseLogger - skip non existing resourceDirectory C:\Gaurav\Workspace_UI_Automation\UI_Automation\src\main\resources
2021-08-12 22:28:21,382 [Worker-30: Building] INFO  o.e.m.c.i.embedder.EclipseLogger - Using 'UTF-8' encoding to copy filtered resources.
2021-08-12 22:28:21,382 [Worker-30: Building] INFO  o.e.m.c.i.embedder.EclipseLogger - skip non existing resourceDirectory C:\Gaurav\Workspace_UI_Automation\UI_Automation\src\test\resources
2021-08-12 22:28:28,611 [Worker-33: Building] INFO  o.e.m.c.i.embedder.EclipseLogger - Using 'UTF-8' encoding to copy filtered resources.
2021-08-12 22:28:28,611 [Worker-33: Building] INFO  o.e.m.c.i.embedder.EclipseLogger - skip non existing resourceDirectory C:\Gaurav\Workspace_UI_Automation\UI_Automation\src\main\resources
2021-08-12 22:28:28,612 [Worker-33: Building] INFO  o.e.m.c.i.embedder.EclipseLogger - Using 'UTF-8' encoding to copy filtered resources.
2021-08-12 22:28:28,612 [Worker-33: Building] INFO  o.e.m.c.i.embedder.EclipseLogger - skip non existing resourceDirectory C:\Gaurav\Workspace_UI_Automation\UI_Automation\src\test\resources
2021-08-12 22:28:34,500 [Worker-32: Building] INFO  o.e.m.c.i.embedder.EclipseLogger - Using 'UTF-8' encoding to copy filtered resources.
2021-08-12 22:28:34,501 [Worker-32: Building] INFO  o.e.m.c.i.embedder.EclipseLogger - skip non existing resourceDirectory C:\Gaurav\Workspace_UI_Automation\UI_Automation\src\main\resources
2021-08-12 22:28:34,501 [Worker-32: Building] INFO  o.e.m.c.i.embedder.EclipseLogger - Using 'UTF-8' encoding to copy filtered resources.
2021-08-12 22:28:34,501 [Worker-32: Building] INFO  o.e.m.c.i.embedder.EclipseLogger - skip non existing resourceDirectory C:\Gaurav\Workspace_UI_Automation\UI_Automation\src\test\resources
2021-08-12 22:29:13,048 [Worker-30: Building] INFO  o.e.m.c.i.embedder.EclipseLogger - Using 'UTF-8' encoding to copy filtered resources.
2021-08-12 22:29:13,048 [Worker-30: Building] INFO  o.e.m.c.i.embedder.EclipseLogger - skip non existing resourceDirectory C:\Gaurav\Workspace_UI_Automation\UI_Automation\src\main\resources
2021-08-12 22:29:13,049 [Worker-30: Building] INFO  o.e.m.c.i.embedder.EclipseLogger - Using 'UTF-8' encoding to copy filtered resources.
2021-08-12 22:29:13,049 [Worker-30: Building] INFO  o.e.m.c.i.embedder.EclipseLogger - skip non existing resourceDirectory C:\Gaurav\Workspace_UI_Automation\UI_Automation\src\test\resources
2021-08-12 22:29:18,657 [Worker-34: Launching TestCase1] INFO  o.e.m.c.i.embedder.EclipseLogger - Using 'UTF-8' encoding to copy filtered resources.
2021-08-12 22:29:18,657 [Worker-34: Launching TestCase1] INFO  o.e.m.c.i.embedder.EclipseLogger - skip non existing resourceDirectory C:\Gaurav\Workspace_UI_Automation\UI_Automation\src\main\resources
2021-08-12 22:29:18,660 [Worker-34: Launching TestCase1] INFO  o.e.m.c.i.embedder.EclipseLogger - Using 'UTF-8' encoding to copy filtered resources.
2021-08-12 22:29:18,660 [Worker-34: Launching TestCase1] INFO  o.e.m.c.i.embedder.EclipseLogger - skip non existing resourceDirectory C:\Gaurav\Workspace_UI_Automation\UI_Automation\src\test\resources
2021-08-12 22:31:32,889 [Worker-39: Building] INFO  o.e.m.c.i.embedder.EclipseLogger - Using 'UTF-8' encoding to copy filtered resources.
2021-08-12 22:31:32,889 [Worker-39: Building] INFO  o.e.m.c.i.embedder.EclipseLogger - skip non existing resourceDirectory C:\Gaurav\Workspace_UI_Automation\UI_Automation\src\main\resources
2021-08-12 22:31:32,890 [Worker-39: Building] INFO  o.e.m.c.i.embedder.EclipseLogger - Using 'UTF-8' encoding to copy filtered resources.
2021-08-12 22:31:32,890 [Worker-39: Building] INFO  o.e.m.c.i.embedder.EclipseLogger - skip non existing resourceDirectory C:\Gaurav\Workspace_UI_Automation\UI_Automation\src\test\resources
2021-08-12 22:31:53,239 [Worker-39: Building] INFO  o.e.m.c.i.embedder.EclipseLogger - Using 'UTF-8' encoding to copy filtered resources.
2021-08-12 22:31:53,240 [Worker-39: Building] INFO  o.e.m.c.i.embedder.EclipseLogger - skip non existing resourceDirectory C:\Gaurav\Workspace_UI_Automation\UI_Automation\src\main\resources
2021-08-12 22:31:53,241 [Worker-39: Building] INFO  o.e.m.c.i.embedder.EclipseLogger - Using 'UTF-8' encoding to copy filtered resources.
2021-08-12 22:31:53,241 [Worker-39: Building] INFO  o.e.m.c.i.embedder.EclipseLogger - skip non existing resourceDirectory C:\Gaurav\Workspace_UI_Automation\UI_Automation\src\test\resources
2021-08-12 22:32:03,037 [Worker-41: Building] INFO  o.e.m.c.i.embedder.EclipseLogger - Using 'UTF-8' encoding to copy filtered resources.
2021-08-12 22:32:03,037 [Worker-41: Building] INFO  o.e.m.c.i.embedder.EclipseLogger - skip non existing resourceDirectory C:\Gaurav\Workspace_UI_Automation\UI_Automation\src\main\resources
2021-08-12 22:32:03,038 [Worker-41: Building] INFO  o.e.m.c.i.embedder.EclipseLogger - Using 'UTF-8' encoding to copy filtered resources.
2021-08-12 22:32:03,038 [Worker-41: Building] INFO  o.e.m.c.i.embedder.EclipseLogger - skip non existing resourceDirectory C:\Gaurav\Workspace_UI_Automation\UI_Automation\src\test\resources
2021-08-12 22:33:51,294 [Worker-40: Building] INFO  o.e.m.c.i.embedder.EclipseLogger - Using 'UTF-8' encoding to copy filtered resources.
2021-08-12 22:33:51,294 [Worker-40: Building] INFO  o.e.m.c.i.embedder.EclipseLogger - skip non existing resourceDirectory C:\Gaurav\Workspace_UI_Automation\UI_Automation\src\main\resources
2021-08-12 22:33:51,295 [Worker-40: Building] INFO  o.e.m.c.i.embedder.EclipseLogger - Using 'UTF-8' encoding to copy filtered resources.
2021-08-12 22:33:51,295 [Worker-40: Building] INFO  o.e.m.c.i.embedder.EclipseLogger - skip non existing resourceDirectory C:\Gaurav\Workspace_UI_Automation\UI_Automation\src\test\resources
2021-08-12 22:36:01,338 [Worker-43: Building] INFO  o.e.m.c.i.embedder.EclipseLogger - Using 'UTF-8' encoding to copy filtered resources.
2021-08-12 22:36:01,338 [Worker-43: Building] INFO  o.e.m.c.i.embedder.EclipseLogger - skip non existing resourceDirectory C:\Gaurav\Workspace_UI_Automation\UI_Automation\src\main\resources
2021-08-12 22:36:01,339 [Worker-43: Building] INFO  o.e.m.c.i.embedder.EclipseLogger - Using 'UTF-8' encoding to copy filtered resources.
2021-08-12 22:36:01,339 [Worker-43: Building] INFO  o.e.m.c.i.embedder.EclipseLogger - skip non existing resourceDirectory C:\Gaurav\Workspace_UI_Automation\UI_Automation\src\test\resources
2021-08-12 22:36:08,289 [Worker-32: Building] INFO  o.e.m.c.i.embedder.EclipseLogger - Using 'UTF-8' encoding to copy filtered resources.
2021-08-12 22:36:08,290 [Worker-32: Building] INFO  o.e.m.c.i.embedder.EclipseLogger - skip non existing resourceDirectory C:\Gaurav\Workspace_UI_Automation\UI_Automation\src\main\resources
2021-08-12 22:36:08,290 [Worker-32: Building] INFO  o.e.m.c.i.embedder.EclipseLogger - Using 'UTF-8' encoding to copy filtered resources.
2021-08-12 22:36:08,290 [Worker-32: Building] INFO  o.e.m.c.i.embedder.EclipseLogger - skip non existing resourceDirectory C:\Gaurav\Workspace_UI_Automation\UI_Automation\src\test\resources
2021-08-12 22:38:52,388 [Worker-49: Building] INFO  o.e.m.c.i.embedder.EclipseLogger - Using 'UTF-8' encoding to copy filtered resources.
2021-08-12 22:38:52,388 [Worker-49: Building] INFO  o.e.m.c.i.embedder.EclipseLogger - skip non existing resourceDirectory C:\Gaurav\Workspace_UI_Automation\UI_Automation\src\main\resources
2021-08-12 22:38:52,389 [Worker-49: Building] INFO  o.e.m.c.i.embedder.EclipseLogger - Using 'UTF-8' encoding to copy filtered resources.
2021-08-12 22:38:52,389 [Worker-49: Building] INFO  o.e.m.c.i.embedder.EclipseLogger - skip non existing resourceDirectory C:\Gaurav\Workspace_UI_Automation\UI_Automation\src\test\resources
2021-08-12 22:38:58,336 [Worker-49: Building] INFO  o.e.m.c.i.embedder.EclipseLogger - Using 'UTF-8' encoding to copy filtered resources.
2021-08-12 22:38:58,337 [Worker-49: Building] INFO  o.e.m.c.i.embedder.EclipseLogger - skip non existing resourceDirectory C:\Gaurav\Workspace_UI_Automation\UI_Automation\src\main\resources
2021-08-12 22:38:58,337 [Worker-49: Building] INFO  o.e.m.c.i.embedder.EclipseLogger - Using 'UTF-8' encoding to copy filtered resources.
2021-08-12 22:38:58,337 [Worker-49: Building] INFO  o.e.m.c.i.embedder.EclipseLogger - skip non existing resourceDirectory C:\Gaurav\Workspace_UI_Automation\UI_Automation\src\test\resources
2021-08-12 22:39:02,034 [Worker-47: Building] INFO  o.e.m.c.i.embedder.EclipseLogger - Using 'UTF-8' encoding to copy filtered resources.
2021-08-12 22:39:02,034 [Worker-47: Building] INFO  o.e.m.c.i.embedder.EclipseLogger - skip non existing resourceDirectory C:\Gaurav\Workspace_UI_Automation\UI_Automation\src\main\resources
2021-08-12 22:39:02,035 [Worker-47: Building] INFO  o.e.m.c.i.embedder.EclipseLogger - Using 'UTF-8' encoding to copy filtered resources.
2021-08-12 22:39:02,035 [Worker-47: Building] INFO  o.e.m.c.i.embedder.EclipseLogger - skip non existing resourceDirectory C:\Gaurav\Workspace_UI_Automation\UI_Automation\src\test\resources
2021-08-12 22:40:35,209 [Worker-52: Building] INFO  o.e.m.c.i.embedder.EclipseLogger - Using 'UTF-8' encoding to copy filtered resources.
2021-08-12 22:40:35,209 [Worker-52: Building] INFO  o.e.m.c.i.embedder.EclipseLogger - skip non existing resourceDirectory C:\Gaurav\Workspace_UI_Automation\UI_Automation\src\main\resources
2021-08-12 22:40:35,210 [Worker-52: Building] INFO  o.e.m.c.i.embedder.EclipseLogger - Using 'UTF-8' encoding to copy filtered resources.
2021-08-12 22:40:35,210 [Worker-52: Building] INFO  o.e.m.c.i.embedder.EclipseLogger - skip non existing resourceDirectory C:\Gaurav\Workspace_UI_Automation\UI_Automation\src\test\resources
2021-08-12 22:41:24,162 [Worker-51: Building] INFO  o.e.m.c.i.embedder.EclipseLogger - Using 'UTF-8' encoding to copy filtered resources.
2021-08-12 22:41:24,162 [Worker-51: Building] INFO  o.e.m.c.i.embedder.EclipseLogger - skip non existing resourceDirectory C:\Gaurav\Workspace_UI_Automation\UI_Automation\src\main\resources
2021-08-12 22:41:24,163 [Worker-51: Building] INFO  o.e.m.c.i.embedder.EclipseLogger - Using 'UTF-8' encoding to copy filtered resources.
2021-08-12 22:41:24,164 [Worker-51: Building] INFO  o.e.m.c.i.embedder.EclipseLogger - skip non existing resourceDirectory C:\Gaurav\Workspace_UI_Automation\UI_Automation\src\test\resources
2021-08-12 22:42:33,740 [Worker-53: Building] INFO  o.e.m.c.i.embedder.EclipseLogger - Using 'UTF-8' encoding to copy filtered resources.
2021-08-12 22:42:33,740 [Worker-53: Building] INFO  o.e.m.c.i.embedder.EclipseLogger - skip non existing resourceDirectory C:\Gaurav\Workspace_UI_Automation\UI_Automation\src\main\resources
2021-08-12 22:42:33,741 [Worker-53: Building] INFO  o.e.m.c.i.embedder.EclipseLogger - Using 'UTF-8' encoding to copy filtered resources.
2021-08-12 22:42:33,741 [Worker-53: Building] INFO  o.e.m.c.i.embedder.EclipseLogger - skip non existing resourceDirectory C:\Gaurav\Workspace_UI_Automation\UI_Automation\src\test\resources
2021-08-12 22:43:45,214 [Worker-47: Building] INFO  o.e.m.c.i.embedder.EclipseLogger - Using 'UTF-8' encoding to copy filtered resources.
2021-08-12 22:43:45,214 [Worker-47: Building] INFO  o.e.m.c.i.embedder.EclipseLogger - skip non existing resourceDirectory C:\Gaurav\Workspace_UI_Automation\UI_Automation\src\main\resources
2021-08-12 22:43:45,215 [Worker-47: Building] INFO  o.e.m.c.i.embedder.EclipseLogger - Using 'UTF-8' encoding to copy filtered resources.
2021-08-12 22:43:45,215 [Worker-47: Building] INFO  o.e.m.c.i.embedder.EclipseLogger - skip non existing resourceDirectory C:\Gaurav\Workspace_UI_Automation\UI_Automation\src\test\resources
2021-08-12 22:43:49,978 [Worker-51: Building] INFO  o.e.m.c.i.embedder.EclipseLogger - Using 'UTF-8' encoding to copy filtered resources.
2021-08-12 22:43:49,979 [Worker-51: Building] INFO  o.e.m.c.i.embedder.EclipseLogger - skip non existing resourceDirectory C:\Gaurav\Workspace_UI_Automation\UI_Automation\src\main\resources
2021-08-12 22:43:49,979 [Worker-51: Building] INFO  o.e.m.c.i.embedder.EclipseLogger - Using 'UTF-8' encoding to copy filtered resources.
2021-08-12 22:43:49,979 [Worker-51: Building] INFO  o.e.m.c.i.embedder.EclipseLogger - skip non existing resourceDirectory C:\Gaurav\Workspace_UI_Automation\UI_Automation\src\test\resources
2021-08-12 22:45:07,520 [Worker-50: Building] INFO  o.e.m.c.i.embedder.EclipseLogger - Using 'UTF-8' encoding to copy filtered resources.
2021-08-12 22:45:07,520 [Worker-50: Building] INFO  o.e.m.c.i.embedder.EclipseLogger - skip non existing resourceDirectory C:\Gaurav\Workspace_UI_Automation\UI_Automation\src\main\resources
2021-08-12 22:45:07,521 [Worker-50: Building] INFO  o.e.m.c.i.embedder.EclipseLogger - Using 'UTF-8' encoding to copy filtered resources.
2021-08-12 22:45:07,521 [Worker-50: Building] INFO  o.e.m.c.i.embedder.EclipseLogger - skip non existing resourceDirectory C:\Gaurav\Workspace_UI_Automation\UI_Automation\src\test\resources
2021-08-12 22:46:16,760 [Worker-52: Building] INFO  o.e.m.c.i.embedder.EclipseLogger - Using 'UTF-8' encoding to copy filtered resources.
2021-08-12 22:46:16,761 [Worker-52: Building] INFO  o.e.m.c.i.embedder.EclipseLogger - skip non existing resourceDirectory C:\Gaurav\Workspace_UI_Automation\UI_Automation\src\main\resources
2021-08-12 22:46:16,762 [Worker-52: Building] INFO  o.e.m.c.i.embedder.EclipseLogger - Using 'UTF-8' encoding to copy filtered resources.
2021-08-12 22:46:16,762 [Worker-52: Building] INFO  o.e.m.c.i.embedder.EclipseLogger - skip non existing resourceDirectory C:\Gaurav\Workspace_UI_Automation\UI_Automation\src\test\resources
2021-08-12 22:46:31,369 [Worker-45: Building] INFO  o.e.m.c.i.embedder.EclipseLogger - Using 'UTF-8' encoding to copy filtered resources.
2021-08-12 22:46:31,369 [Worker-45: Building] INFO  o.e.m.c.i.embedder.EclipseLogger - skip non existing resourceDirectory C:\Gaurav\Workspace_UI_Automation\UI_Automation\src\main\resources
2021-08-12 22:46:31,370 [Worker-45: Building] INFO  o.e.m.c.i.embedder.EclipseLogger - Using 'UTF-8' encoding to copy filtered resources.
2021-08-12 22:46:31,370 [Worker-45: Building] INFO  o.e.m.c.i.embedder.EclipseLogger - skip non existing resourceDirectory C:\Gaurav\Workspace_UI_Automation\UI_Automation\src\test\resources
2021-08-12 22:46:37,888 [Worker-52: Building] INFO  o.e.m.c.i.embedder.EclipseLogger - Using 'UTF-8' encoding to copy filtered resources.
2021-08-12 22:46:37,888 [Worker-52: Building] INFO  o.e.m.c.i.embedder.EclipseLogger - skip non existing resourceDirectory C:\Gaurav\Workspace_UI_Automation\UI_Automation\src\main\resources
2021-08-12 22:46:37,888 [Worker-52: Building] INFO  o.e.m.c.i.embedder.EclipseLogger - Using 'UTF-8' encoding to copy filtered resources.
2021-08-12 22:46:37,889 [Worker-52: Building] INFO  o.e.m.c.i.embedder.EclipseLogger - skip non existing resourceDirectory C:\Gaurav\Workspace_UI_Automation\UI_Automation\src\test\resources
2021-08-12 22:47:15,755 [Worker-53: Building] INFO  o.e.m.c.i.embedder.EclipseLogger - Using 'UTF-8' encoding to copy filtered resources.
2021-08-12 22:47:15,755 [Worker-53: Building] INFO  o.e.m.c.i.embedder.EclipseLogger - skip non existing resourceDirectory C:\Gaurav\Workspace_UI_Automation\UI_Automation\src\main\resources
2021-08-12 22:47:15,755 [Worker-53: Building] INFO  o.e.m.c.i.embedder.EclipseLogger - Using 'UTF-8' encoding to copy filtered resources.
2021-08-12 22:47:15,756 [Worker-53: Building] INFO  o.e.m.c.i.embedder.EclipseLogger - skip non existing resourceDirectory C:\Gaurav\Workspace_UI_Automation\UI_Automation\src\test\resources
2021-08-12 22:47:23,504 [Worker-51: Building] INFO  o.e.m.c.i.embedder.EclipseLogger - Using 'UTF-8' encoding to copy filtered resources.
2021-08-12 22:47:23,504 [Worker-51: Building] INFO  o.e.m.c.i.embedder.EclipseLogger - skip non existing resourceDirectory C:\Gaurav\Workspace_UI_Automation\UI_Automation\src\main\resources
2021-08-12 22:47:23,504 [Worker-51: Building] INFO  o.e.m.c.i.embedder.EclipseLogger - Using 'UTF-8' encoding to copy filtered resources.
2021-08-12 22:47:23,505 [Worker-51: Building] INFO  o.e.m.c.i.embedder.EclipseLogger - skip non existing resourceDirectory C:\Gaurav\Workspace_UI_Automation\UI_Automation\src\test\resources
2021-08-12 22:47:27,566 [Worker-52: Building] INFO  o.e.m.c.i.embedder.EclipseLogger - Using 'UTF-8' encoding to copy filtered resources.
2021-08-12 22:47:27,567 [Worker-52: Building] INFO  o.e.m.c.i.embedder.EclipseLogger - skip non existing resourceDirectory C:\Gaurav\Workspace_UI_Automation\UI_Automation\src\main\resources
2021-08-12 22:47:27,567 [Worker-52: Building] INFO  o.e.m.c.i.embedder.EclipseLogger - Using 'UTF-8' encoding to copy filtered resources.
2021-08-12 22:47:27,567 [Worker-52: Building] INFO  o.e.m.c.i.embedder.EclipseLogger - skip non existing resourceDirectory C:\Gaurav\Workspace_UI_Automation\UI_Automation\src\test\resources
2021-08-12 23:05:04,313 [Worker-55: Building] INFO  o.e.m.c.i.embedder.EclipseLogger - Using 'UTF-8' encoding to copy filtered resources.
2021-08-12 23:05:04,313 [Worker-55: Building] INFO  o.e.m.c.i.embedder.EclipseLogger - skip non existing resourceDirectory C:\Gaurav\Workspace_UI_Automation\UI_Automation\src\main\resources
2021-08-12 23:05:04,314 [Worker-55: Building] INFO  o.e.m.c.i.embedder.EclipseLogger - Using 'UTF-8' encoding to copy filtered resources.
2021-08-12 23:05:04,314 [Worker-55: Building] INFO  o.e.m.c.i.embedder.EclipseLogger - skip non existing resourceDirectory C:\Gaurav\Workspace_UI_Automation\UI_Automation\src\test\resources
2021-08-12 23:05:08,905 [Worker-58: Building] INFO  o.e.m.c.i.embedder.EclipseLogger - Using 'UTF-8' encoding to copy filtered resources.
2021-08-12 23:05:08,905 [Worker-58: Building] INFO  o.e.m.c.i.embedder.EclipseLogger - skip non existing resourceDirectory C:\Gaurav\Workspace_UI_Automation\UI_Automation\src\main\resources
2021-08-12 23:05:08,906 [Worker-58: Building] INFO  o.e.m.c.i.embedder.EclipseLogger - Using 'UTF-8' encoding to copy filtered resources.
2021-08-12 23:05:08,906 [Worker-58: Building] INFO  o.e.m.c.i.embedder.EclipseLogger - skip non existing resourceDirectory C:\Gaurav\Workspace_UI_Automation\UI_Automation\src\test\resources
